Removed Pin From Net: NetName=3V3 Pin=U3-4
Change Component Footprint: Designator=U3 Old Footprint=FP-369C-MFG New Footprint=FP-SOT23-IPC_C
Change Component Footprint: Designator=C16 Old Footprint=FP-C0805C-DG-MFG New Footprint=CAPC2013X140X50LL20T25
Change Component Footprint: Designator=C15 Old Footprint=FP-C0805C-DG-MFG New Footprint=FP-C0603C225K4PACTU-MFG
Change Component Comment : Designator=C16 Old Comment=10u New Comment=1u
Change Component Comment : Designator=C15 Old Comment=10u New Comment=2.2u
Change Component Comment : Designator=U3 Old Comment=NCP1117DT33RKG New Comment=AP2210N-3.3TRG1
Change Managed Component Library Link : Designator=C15 Old VaultGUID=B7D15EC3-160A-466F-A46C-7801FE6295A7 New VaultGUID=B7D15EC3-160A-466F-A46C-7801FE6295A7 Old ItemGUID=BB83B2C5-EEB1-46AB-824F-06572DF18BD6 New ItemGUID=6B10DC6B-F46C-402B-9608-E0E1781B1F8A Old RevisionGUID=316FD8F7-2D16-4229-A14B-F33EB7DCDC66 New RevisionGUID=4191140C-C39F-4EAA-94E4-E80D390119E1
Change Managed Component Library Link : Designator=C16 Old VaultGUID=B7D15EC3-160A-466F-A46C-7801FE6295A7 New VaultGUID=B7D15EC3-160A-466F-A46C-7801FE6295A7 Old ItemGUID=BB83B2C5-EEB1-46AB-824F-06572DF18BD6 New ItemGUID=70623EB7-FACA-43B3-9AC6-A17F866FE696 Old RevisionGUID=316FD8F7-2D16-4229-A14B-F33EB7DCDC66 New RevisionGUID=70A33622-3445-434D-A084-3142FC63C0A3
Change Managed Component Library Link : Designator=U3 Old VaultGUID=B7D15EC3-160A-466F-A46C-7801FE6295A7 New VaultGUID=B7D15EC3-160A-466F-A46C-7801FE6295A7 Old ItemGUID=6C5C0CED-2B1A-4549-B628-95A5E743D41D New ItemGUID=4AFF6EDD-04B3-437F-907B-10CE9EC3FA23 Old RevisionGUID=8AD66720-5A11-4349-B520-2813798DACD0 New RevisionGUID=7E5FE1E7-6FEF-49CB-9A03-3AD301B406BA
Change component parameters: Designator = "C15" ("C15"); Footprint = "FP-C0805C-DG-MFG"; UniqueID = "\DVNBQUER" ("\DVNBQUER")
Change component parameters (AddParameter): Name = "Capacitance"; Value = "2.2uF"; VariantName = "[No Variations]"
Change component parameters (AddParameter): Name = "Case Code (Imperial)"; Value = "0603"; VariantName = "[No Variations]"
Change component parameters (AddParameter): Name = "Case Code (Metric)"; Value = "1608"; VariantName = "[No Variations]"
Change component parameters (AddParameter): Name = "Case/Package"; Value = "0603"; VariantName = "[No Variations]"
Change component parameters (AddParameter): Name = "Construction"; Value = "Flat"; VariantName = "[No Variations]"
Change component parameters (AddParameter): Name = "Contact Plating"; Value = "Tin"; VariantName = "[No Variations]"
Change component parameters (AddParameter): Name = "Depth"; Value = "0.8mm"; VariantName = "[No Variations]"
Change component parameters (AddParameter): Name = "Dielectric"; Value = "X5R"; VariantName = "[No Variations]"
Change component parameters (AddParameter): Name = "Dielectric Material"; Value = "Ceramic"; VariantName = "[No Variations]"
Change component parameters (AddParameter): Name = "Dissipation Factor"; Value = "5%"; VariantName = "[No Variations]"
Change component parameters (AddParameter): Name = "Height"; Value = "0.8mm"; VariantName = "[No Variations]"
Change component parameters (AddParameter): Name = "Lead Free"; Value = "Lead Free"; VariantName = "[No Variations]"
Change component parameters (AddParameter): Name = "Length"; Value = "1.6mm"; VariantName = "[No Variations]"
Change component parameters (AddParameter): Name = "Max Operating Temperature"; Value = "85°C"; VariantName = "[No Variations]"
Change component parameters (AddParameter): Name = "Min Operating Temperature"; Value = "-55°C"; VariantName = "[No Variations]"
Change component parameters (AddParameter): Name = "Mount"; Value = "Surface Mount"; VariantName = "[No Variations]"
Change component parameters (AddParameter): Name = "Number of Pins"; Value = "2"; VariantName = "[No Variations]"
Change component parameters (AddParameter): Name = "Package Quantity"; Value = "1"; VariantName = "[No Variations]"
Change component parameters (AddParameter): Name = "Packaging"; Value = "Tape and Reel"; VariantName = "[No Variations]"
Change component parameters (AddParameter): Name = "Radiation Hardening"; Value = "No"; VariantName = "[No Variations]"
Change component parameters (AddParameter): Name = "REACH SVHC"; Value = "No SVHC"; VariantName = "[No Variations]"
Change component parameters (AddParameter): Name = "RoHS Compliant"; Value = "Yes"; VariantName = "[No Variations]"
Change component parameters (AddParameter): Name = "Series"; Value = "C"; VariantName = "[No Variations]"
Change component parameters (AddParameter): Name = "Termination"; Value = "SMD/SMT"; VariantName = "[No Variations]"
Change component parameters (AddParameter): Name = "Thickness"; Value = "0.034inch"; VariantName = "[No Variations]"
Change component parameters (AddParameter): Name = "Tolerance"; Value = "10%"; VariantName = "[No Variations]"
Change component parameters (AddParameter): Name = "Voltage"; Value = "16V"; VariantName = "[No Variations]"
Change component parameters (AddParameter): Name = "Voltage Rating"; Value = "16V"; VariantName = "[No Variations]"
Change component parameters (AddParameter): Name = "Voltage Rating (DC)"; Value = "16V"; VariantName = "[No Variations]"
Change component parameters (AddParameter): Name = "Width"; Value = "0.8mm"; VariantName = "[No Variations]"
Change component parameters: Designator = "C16" ("C16"); Footprint = "FP-C0805C-DG-MFG"; UniqueID = "\AEWONSRD" ("\AEWONSRD")
Change component parameters (AddParameter): Name = "Manufacturer"; Value = "Kemet"; VariantName = "[No Variations]"
Change component parameters (AddParameter): Name = "Part Number"; Value = "C0805C105J8RACTU"; VariantName = "[No Variations]"
Change component parameters: Designator = "U3" ("U3"); Footprint = "FP-369C-MFG"; UniqueID = "\QJVZIVEV" ("\QJVZIVEV")
Change component parameters (AddParameter): Name = "Accuracy"; Value = "1%"; VariantName = "[No Variations]"
Change component parameters (AddParameter): Name = "Case/Package"; Value = "SOT-23-3"; VariantName = "[No Variations]"
Change component parameters (AddParameter): Name = "Dropout Voltage"; Value = "250mV"; VariantName = "[No Variations]"
Change component parameters (AddParameter): Name = "Height"; Value = "1.3mm"; VariantName = "[No Variations]"
Change component parameters (AddParameter): Name = "Length"; Value = "3.02mm"; VariantName = "[No Variations]"
Change component parameters (AddParameter): Name = "Max Input Voltage"; Value = "13.2V"; VariantName = "[No Variations]"
Change component parameters (AddParameter): Name = "Max Operating Temperature"; Value = "125°C"; VariantName = "[No Variations]"
Change component parameters (AddParameter): Name = "Max Output Current"; Value = "300mA"; VariantName = "[No Variations]"
Change component parameters (AddParameter): Name = "Min Input Voltage"; Value = "2.5V"; VariantName = "[No Variations]"
Change component parameters (AddParameter): Name = "Min Operating Temperature"; Value = "-40°C"; VariantName = "[No Variations]"
Change component parameters (AddParameter): Name = "Mount"; Value = "Surface Mount"; VariantName = "[No Variations]"
Change component parameters (AddParameter): Name = "Number of Outputs"; Value = "1"; VariantName = "[No Variations]"
Change component parameters (AddParameter): Name = "Number of Pins"; Value = "3"; VariantName = "[No Variations]"
Change component parameters (AddParameter): Name = "Number of Regulators"; Value = "1"; VariantName = "[No Variations]"
Change component parameters (AddParameter): Name = "Output Current"; Value = "300mA"; VariantName = "[No Variations]"
Change component parameters (AddParameter): Name = "Output Type"; Value = "Fixed"; VariantName = "[No Variations]"
Change component parameters (AddParameter): Name = "Output Voltage"; Value = "3.3V"; VariantName = "[No Variations]"
Change component parameters (AddParameter): Name = "Package Quantity"; Value = "3000"; VariantName = "[No Variations]"
Change component parameters (AddParameter): Name = "Packaging"; Value = "Tape and Reel"; VariantName = "[No Variations]"
Change component parameters (AddParameter): Name = "Polarity"; Value = "Positive"; VariantName = "[No Variations]"
Change component parameters (AddParameter): Name = "Power Supply Rejection Ratio (PSRR)"; Value = "75dB"; VariantName = "[No Variations]"
Change component parameters (AddParameter): Name = "Quiescent Current"; Value = "150uA"; VariantName = "[No Variations]"
Change component parameters (AddParameter): Name = "Weight"; Value = "0.000282oz"; VariantName = "[No Variations]"
Change component parameters (AddParameter): Name = "Width"; Value = "1.7mm"; VariantName = "[No Variations]"
Added Pin To Net: NetName=3V3 Pin=U3-2
